<?xml version="1.0" encoding="utf-8"?><testsuites name="pytest tests"><testsuite name="pytest" errors="0" failures="0" skipped="0" tests="244" time="17.310" timestamp="2026-08-25T01:39:36.859380+00:00" hostname="9425b3a9e016"><testcase classname="tests.test_anisotropic_layer1.AnisotropicLayer1ValidationTests" name="test_complete_synthetic_dicom_chain_runs_layer1_and_layer21" time="0.440" /><testcase classname="tests.test_anisotropic_layer1.AnisotropicLayer1ValidationTests" name="test_descending_offsets_preserve_frame_markers" time="0.018" /><testcase classname="tests.test_anisotropic_layer1.AnisotropicLayer1ValidationTests" name="test_malformed_geometries_are_explicitly_blocked" time="0.031" /><testcase classname="tests.test_anisotropic_layer1.AnisotropicLayer1ValidationTests" name="test_regular_anisotropic_geometry_and_patient_coordinates" time="0.057" /><testcase classname="tests.test_anisotropic_layer1.AnisotropicLayer1ValidationTests" name="test_volume_evidence_records_all_representations_and_resolution_error" time="0.037" /><testcase classname="tests.test_anisotropic_layer21.AnisotropicLayer21ValidationTests" name="test_uniform_and_physical_coordinate_dose_fields" time="0.036" /><testcase classname="tests.test_anisotropic_layer21.AnisotropicLayer21ValidationTests" name="test_validation_evidence_artifacts_are_complete" time="0.039" /><testcase classname="tests.test_anisotropic_layer22_scope.AnisotropicLayer22ScopeTests" name="test_valid_anisotropic_input_is_outside_scope_not_invalid_geometry" time="0.026" /><testcase classname="tests.test_cross_platform_portability" name="test_dicom_discovery_accepts_native_paths_with_spaces_unicode_length_and_case" time="0.011" /><testcase classname="tests.test_cross_platform_portability" name="test_synthetic_stl_biology_mapping_and_offscreen_frame" time="2.518" /><testcase classname="tests.test_dicom_and_geometry.DicomTests" name="test_ambiguous_case_directory_requires_selection_without_guessing" time="0.038" /><testcase classname="tests.test_dicom_and_geometry.DicomTests" name="test_anisotropic_uniform_geometry_is_valid_and_tolerances_are_enforced" time="0.009" /><testcase classname="tests.test_dicom_and_geometry.DicomTests" name="test_chain_validity_and_selection_are_independent" time="0.001" /><testcase classname="tests.test_dicom_and_geometry.DicomTests" name="test_discovery_scaling_and_geometry" time="0.008" /><testcase classname="tests.test_dicom_and_geometry.DicomTests" name="test_identity_conflict_makes_incomplete_chain_ineligible_for_override" time="0.001" /><testcase classname="tests.test_dicom_and_geometry.DicomTests" name="test_incomplete_chain_requires_audited_override" time="0.001" /><testcase classname="tests.test_dicom_and_geometry.DicomTests" name="test_inconsistent_pixel_metadata_is_rejected" time="0.009" /><testcase classname="tests.test_dicom_and_geometry.DicomTests" name="test_multiple_complete_chains_are_valid_but_selection_required" time="0.001" /><testcase classname="tests.test_dicom_and_geometry.DicomTests" name="test_nonuniform_dose_spacing_is_blocked" time="0.016" /><testcase classname="tests.test_dicom_and_geometry.DicomTests" name="test_relative_absolute_and_descending_frame_offsets_preserve_array_association" time="0.012" /><testcase classname="tests.test_dicom_and_geometry.DicomTests" name="test_rtplan_prefill_handles_multiple_beams_and_fraction_groups_without_guessing" time="0.019" /><testcase classname="tests.test_eclipse_dvh.EclipseDvhImportTests" name="test_conflicting_direct_exports_are_blocked" time="0.012" /><testcase classname="tests.test_eclipse_dvh.EclipseDvhImportTests" name="test_conflicting_role_assignment_is_blocked" time="0.005" /><testcase classname="tests.test_eclipse_dvh.EclipseDvhImportTests" name="test_legacy_bridge_and_provenance_artifacts_are_written" time="0.006" /><testcase classname="tests.test_eclipse_dvh.EclipseDvhImportTests" name="test_missing_normalization_keeps_absolute_metrics_and_marks_relative_metric_unassessed" time="0.009" /><testcase classname="tests.test_eclipse_dvh.EclipseDvhImportTests" name="test_patient_identity_mismatch_is_blocked" time="0.005" /><testcase classname="tests.test_eclipse_dvh.EclipseDvhImportTests" name="test_plan_identity_mismatch_is_blocked" time="0.002" /><testcase classname="tests.test_eclipse_dvh.EclipseDvhImportTests" name="test_redundant_absolute_and_relative_exports_normalise_deterministically" time="0.003" /><testcase classname="tests.test_eclipse_dvh.EclipseDvhImportTests" name="test_supported_eclipse_endpoints_auto_fill_without_mapping_summary_statistics" time="0.003" /><testcase classname="tests.test_eclipse_dvh.EclipseDvhImportTests" name="test_utf16_decimal_comma_cgy_and_header_aliases" time="0.004" /><testcase classname="tests.test_eclipse_validation_harness.ReferenceImportTests" name="test_all_planned_endpoint_families_and_absolute_vx_are_canonicalised" time="0.002" /><testcase classname="tests.test_eclipse_validation_harness.ReferenceImportTests" name="test_cgy_conversion_is_explicit_and_recorded" time="0.002" /><testcase classname="tests.test_eclipse_validation_harness.ReferenceImportTests" name="test_duplicate_reference_rows_fail_import" time="0.003" /><testcase classname="tests.test_eclipse_validation_harness.ReferenceImportTests" name="test_malformed_numeric_value_fails_import" time="0.002" /><testcase classname="tests.test_eclipse_validation_harness.ReferenceImportTests" name="test_missing_prescription_is_imported_for_explicit_not_comparable_status" time="0.002" /><testcase classname="tests.test_eclipse_validation_harness.ReferenceImportTests" name="test_missing_required_columns_fails_import" time="0.001" /><testcase classname="tests.test_eclipse_validation_harness.ReferenceImportTests" name="test_non_finite_and_negative_values_are_retained_as_invalid_references" time="0.001" /><testcase classname="tests.test_eclipse_validation_harness.ReferenceImportTests" name="test_unsupported_units_fail_import" time="0.002" /><testcase classname="tests.test_eclipse_validation_harness.ReferenceImportTests" name="test_valid_csv_preserves_identity_source_and_prescription" time="0.002" /><testcase classname="tests.test_eclipse_validation_harness.MatchingTests" name="test_duplicate_name_is_ambiguous" time="0.001" /><testcase classname="tests.test_eclipse_validation_harness.MatchingTests" name="test_exact_uid_and_roi_match" time="0.001" /><testcase classname="tests.test_eclipse_validation_harness.MatchingTests" name="test_missing_roi_is_not_found" time="0.001" /><testcase classname="tests.test_eclipse_validation_harness.MatchingTests" name="test_rtstruct_identity_conflict_blocks_matching" time="0.001" /><testcase classname="tests.test_eclipse_validation_harness.MatchingTests" name="test_unique_name_fallback_is_explicit" time="0.002" /><testcase classname="tests.test_eclipse_validation_harness.ComparisonTests" name="test_acceptance_boundary_and_immediately_above" time="0.002" /><testcase classname="tests.test_eclipse_validation_harness.ComparisonTests" name="test_dose_difference_and_relative_difference" time="0.003" /><testcase classname="tests.test_eclipse_validation_harness.ComparisonTests" name="test_invalid_reference_is_excluded_with_reason" time="0.001" /><testcase classname="tests.test_eclipse_validation_harness.ComparisonTests" name="test_missing_prescription_is_not_comparable" time="0.001" /><testcase classname="tests.test_eclipse_validation_harness.ComparisonTests" name="test_missing_stored_endpoint_is_explicit_and_not_recalculated" time="0.001" /><testcase classname="tests.test_eclipse_validation_harness.ComparisonTests" name="test_unit_mismatch_is_excluded" time="0.001" /><testcase classname="tests.test_eclipse_validation_harness.ComparisonTests" name="test_very_small_volume_uses_absolute_floor" time="0.001" /><testcase classname="tests.test_eclipse_validation_harness.ComparisonTests" name="test_volume_at_prescription_uses_percentage_points" time="0.001" /><testcase classname="tests.test_eclipse_validation_harness.ComparisonTests" name="test_zero_reference_does_not_divide_by_zero" time="0.001" /><testcase classname="tests.test_eclipse_validation_harness.SummaryAndIntegrationTests" name="test_cli_runs_the_same_controller_validation_pathway" time="0.015" /><testcase classname="tests.test_eclipse_validation_harness.SummaryAndIntegrationTests" name="test_service_writes_all_required_outputs_from_canonical_records" time="0.007" /><testcase classname="tests.test_eclipse_validation_harness.SummaryAndIntegrationTests" name="test_summary_counts_medians_maxima_and_bland_altman" time="0.002" /><testcase classname="tests.test_layer1_cache.Layer1CacheTests" name="test_cache_key_changes_with_algorithm_or_input" time="0.001" /><testcase classname="tests.test_layer1_cache.Layer1CacheTests" name="test_case_local_cache_is_immutable_verified_and_independently_materialised" time="0.013" /><testcase classname="tests.test_layer1_cache.Layer1CacheTests" name="test_clear_requires_confirmation_and_does_not_remove_validated_results" time="0.005" /><testcase classname="tests.test_layer1_cache.Layer1CacheTests" name="test_deterministic_npz_is_bitwise_identical" time="0.004" /><testcase classname="tests.test_layer1_cache.Layer1CacheTests" name="test_formal_directory_is_only_visible_after_atomic_publication" time="0.004" /><testcase classname="tests.test_layer1_cache.Layer1CacheTests" name="test_streamed_native_dose_is_bitwise_identical_to_numpy_save" time="0.003" /><testcase classname="tests.test_layer1_v2_integration.Layer1V2IntegrationTests" name="test_selective_raster_cache_and_locked_scientific_equivalence" time="0.225" /><testcase classname="tests.test_layer1_v2_integration.Layer1V2IntegrationTests" name="test_uniform_anisotropic_grid_completes_layer1_and_layer21_but_scopes_layer22" time="0.182" /><testcase classname="tests.test_layer21_applicability.Layer21ApplicabilityTests" name="test_lrt_alone_peripheral_coverage_is_applicable" time="0.023" /><testcase classname="tests.test_layer21_applicability.Layer21ApplicabilityTests" name="test_sequential_explicit_component_rxl_is_applicable" time="0.020" /><testcase classname="tests.test_layer21_applicability.Layer21ApplicabilityTests" name="test_sequential_missing_component_rxl_is_not_applicable_without_false_fail" time="0.040" /><testcase classname="tests.test_layer22_viewer.Layer22ViewerTests" name="test_connected_component_masks_generate_patient_coordinate_meshes" time="0.168" /><testcase classname="tests.test_layer22_viewer.Layer22ViewerTests" name="test_explicit_vertices_dose_overlay_and_stl_export" time="0.068" /><testcase classname="tests.test_layer22_viewer.Layer22ViewerTests" name="test_midpoint_sphere_overlay_uses_physical_spacing_and_slice_intersection" time="0.030" /><testcase classname="tests.test_layer22_viewer.Layer22ViewerTests" name="test_moved_case_relocates_internal_project_paths" time="0.006" /><testcase classname="tests.test_layer31_comparison_contract" name="test_paired_course_comparison_requires_and_records_all_identity_gates" time="0.001" /><testcase classname="tests.test_layer31_comparison_contract" name="test_paired_course_comparison_blocks_parameter_mismatch" time="0.001" /><testcase classname="tests.test_layer31_comparison_contract" name="test_comparator_configuration_rejects_invalid_schedule[schedule0]" time="0.001" /><testcase classname="tests.test_layer31_comparison_contract" name="test_comparator_configuration_rejects_invalid_schedule[schedule1]" time="0.001" /><testcase classname="tests.test_layer31_comparison_contract" name="test_comparator_configuration_rejects_invalid_schedule[schedule2]" time="0.001" /><testcase classname="tests.test_layer31_comparison_contract" name="test_comparator_configuration_rejects_invalid_schedule[schedule3]" time="0.000" /><testcase classname="tests.test_layer31_comparison_contract" name="test_comparator_configuration_rejects_invalid_schedule[schedule4]" time="0.000" /><testcase classname="tests.test_layer31_execution_policy" name="test_disabled_sensitivity_matrix_is_not_called" time="0.034" /><testcase classname="tests.test_layer31_execution_policy" name="test_layer31a_merge_preserves_manual_parameter_warning_and_provisional_state" time="0.030" /><testcase classname="tests.test_layer31_execution_policy" name="test_summary_run_defers_large_fields_and_viewer_materialisation_omits_duplicates" time="0.048" /><testcase classname="tests.test_layer31_execution_policy" name="test_service_basis_is_constructed_directly_from_shared_fraction_history" time="0.010" /><testcase classname="tests.test_layer31_fraction_event_upgrade" name="test_identical_fraction_closed_form_bed_and_eqd2" time="0.044" /><testcase classname="tests.test_layer31_fraction_event_upgrade" name="test_integrated_cross_term_and_sequential_course_are_distinct" time="0.088" /><testcase classname="tests.test_layer31_fraction_event_upgrade" name="test_voxelwise_bed_is_not_bed_of_roi_mean_dose" time="0.033" /><testcase classname="tests.test_layer31_fraction_event_upgrade" name="test_tumour_reporting_masks_cannot_silently_use_different_alpha_beta" time="0.030" /><testcase classname="tests.test_layer31_fraction_event_upgrade" name="test_high_dose_warning_is_spatial_and_does_not_switch_formalism" time="0.039" /><testcase classname="tests.test_layer31_fraction_event_upgrade" name="test_unresolved_fraction_history_and_registration_are_blocked" time="0.011" /><testcase classname="tests.test_layer31_fraction_event_upgrade" name="test_mlq_g_is_not_reciprocal_and_effect_is_finite" time="0.001" /><testcase classname="tests.test_layer31_fraction_event_upgrade" name="test_repeated_fraction_mlq_uniform_eud_and_regional_contributions" time="0.033" /><testcase classname="tests.test_layer31_fraction_event_upgrade" name="test_standardised_scenario_matrix_has_nine_separated_records" time="0.034" /><testcase classname="tests.test_layer31_fraction_event_upgrade" name="test_sequential_mixed_course_has_no_invented_tr_comparator" time="0.029" /><testcase classname="tests.test_layer31_fraction_event_upgrade" name="test_lps_round_trip_scalar_sampling_and_display_smoothing_invariance" time="0.041" /><testcase classname="tests.test_layer31_fraction_event_upgrade" name="test_constant_biological_field_builds_visible_cad_surface" time="0.081" /><testcase classname="tests.test_layer31_fraction_event_upgrade" name="test_layer31_viewer_loads_only_hash_verified_spatial_fields" time="0.041" /><testcase classname="tests.test_layer31_fraction_event_upgrade" name="test_layer31_composite_cad_contains_anatomy_oar_and_biological_overlay" time="0.207" /><testcase classname="tests.test_layer31_lq.Layer31LQTests" name="test_composite_coverage_is_unassessed_when_component_prescription_history_is_incomplete" time="0.071" /><testcase classname="tests.test_layer31_lq.Layer31LQTests" name="test_configured_high_dose_warning_does_not_change_lq_numbers" time="0.078" /><testcase classname="tests.test_layer31_lq.Layer31LQTests" name="test_explicit_fraction_dose_history_uses_fundamental_model" time="0.019" /><testcase classname="tests.test_layer31_lq.Layer31LQTests" name="test_gradient_direct_and_pq_equivalence" time="0.005" /><testcase classname="tests.test_layer31_lq.Layer31LQTests" name="test_invalid_alpha_beta_is_rejected" time="0.001" /><testcase classname="tests.test_layer31_lq.Layer31LQTests" name="test_invalid_fractionation_and_incompatible_geometry_block" time="0.011" /><testcase classname="tests.test_layer31_lq.Layer31LQTests" name="test_lrt_only_biological_counterparts_and_contextual_mappings" time="0.051" /><testcase classname="tests.test_layer31_lq.Layer31LQTests" name="test_lrt_plus_cert_component_history_produces_analytic_biological_suite" time="0.072" /><testcase classname="tests.test_layer31_lq.Layer31LQTests" name="test_multi_component_basis_uses_component_fractionation" time="0.024" /><testcase classname="tests.test_layer31_lq.Layer31LQTests" name="test_roi_only_matches_full_map_slice" time="0.003" /><testcase classname="tests.test_layer31_lq.Layer31LQTests" name="test_same_physical_dose_with_different_fractionation_changes_layer31_only" time="0.137" /><testcase classname="tests.test_layer31_lq.Layer31LQTests" name="test_service_roi_results_sweep_cache_and_roi_history" time="0.068" /><testcase classname="tests.test_layer31_lq.Layer31LQTests" name="test_single_component_uniform_analytic_result" time="0.002" /><testcase classname="tests.test_layer31_lq.Layer31LQTests" name="test_stale_layer1_blocks_layer31_service_and_sensitivity_sweep" time="0.005" /><testcase classname="tests.test_layer31_lq.Layer31LQTests" name="test_unrasterised_oar_cannot_produce_bed_or_eqd2" time="0.021" /><testcase classname="tests.test_layer31_response.Layer31ResponseMathematicsTests" name="test_g_is_stable_at_and_near_zero" time="0.001" /><testcase classname="tests.test_layer31_response.Layer31ResponseMathematicsTests" name="test_g_large_x_has_required_asymptote" time="0.001" /><testcase classname="tests.test_layer31_response.Layer31ResponseMathematicsTests" name="test_g_small_x_has_required_negative_one_third_slope" time="0.001" /><testcase classname="tests.test_layer31_response.Layer31ResponseMathematicsTests" name="test_heterogeneous_reference_case_and_root_residual" time="0.002" /><testcase classname="tests.test_layer31_response.Layer31ResponseMathematicsTests" name="test_survival_matches_independent_equation_and_is_bounded" time="0.001" /><testcase classname="tests.test_layer31_response.Layer31ResponseMathematicsTests" name="test_uniform_distribution_returns_uniform_eud" time="0.001" /><testcase classname="tests.test_layer31_response.Layer31ResponseServiceTests" name="test_layer2_summary_mutation_cannot_change_voxel_eud" time="0.042" /><testcase classname="tests.test_layer31_response.Layer31ResponseServiceTests" name="test_missing_normal_parameters_blocks_only_therapeutic_ratio" time="0.024" /><testcase classname="tests.test_layer31_response.Layer31ResponseServiceTests" name="test_missing_parameters_are_not_guessed_and_repeated_fractions_are_reconstructed" time="0.051" /><testcase classname="tests.test_layer31_response.Layer31ResponseServiceTests" name="test_uniform_exposure_gives_modelled_therapeutic_ratio_one" time="0.027" /><testcase classname="tests.test_layer31d_tcp" name="test_zero_effect_extreme_kill_and_density_monotonicity" time="0.002" /><testcase classname="tests.test_layer31d_tcp" name="test_repopulation_is_monotonic_and_distinct_from_radiation_only" time="0.001" /><testcase classname="tests.test_layer31d_tcp" name="test_compartment_reconstruction_and_residual_fractions" time="0.001" /><testcase classname="tests.test_layer31d_tcp" name="test_grid_resolution_invariance_for_preserved_uniform_field_and_volume" time="0.001" /><testcase classname="tests.test_layer31d_tcp" name="test_uniform_survival_eud_identity_weighting_contract" time="0.001" /><testcase classname="tests.test_layer31d_tcp" name="test_layer31d_service_consumes_layer31b_and_reports_provenance" time="0.024" /><testcase classname="tests.test_layer31d_tcp" name="test_layer31d_missing_density_blocks_only_tcp_branch" time="0.022" /><testcase classname="tests.test_layer32_nonlocal.Layer32NonlocalEffectTests" name="test_consequence_first_contract_and_absolute_thresholds" time="0.002" /><testcase classname="tests.test_layer32_nonlocal.Layer32NonlocalEffectTests" name="test_disabling_layer32_invalidates_only_layer32_and_suppresses_export" time="0.137" /><testcase classname="tests.test_layer32_nonlocal.Layer32NonlocalEffectTests" name="test_fraction_history_q_is_used_in_baseline_survival" time="0.001" /><testcase classname="tests.test_layer32_nonlocal.Layer32NonlocalEffectTests" name="test_layer32_requires_explicit_enable_without_mutating_run_state" time="0.044" /><testcase classname="tests.test_layer32_nonlocal.Layer32NonlocalEffectTests" name="test_no_uptake_solver_has_zero_vascular_contract" time="0.002" /><testcase classname="tests.test_layer32_nonlocal.Layer32NonlocalEffectTests" name="test_oar_spill_viewer_and_export_use_stored_artifacts" time="0.169" /><testcase classname="tests.test_layer32_nonlocal.Layer32NonlocalEffectTests" name="test_service_reuses_graph_and_preserves_physical_dose" time="0.091" /><testcase classname="tests.test_layer32_nonlocal.Layer32NonlocalEffectTests" name="test_spatial_package_preserves_scalar_volume_colour_and_lps_geometry" time="0.108" /><testcase classname="tests.test_layer32_nonlocal.Layer32NonlocalEffectTests" name="test_stale_graph_blocks_layer32_without_hiding_upstream_results" time="0.049" /><testcase classname="tests.test_oar_geometry.OARGeometryTests" name="test_anisotropic_descriptive_geometry_and_nearest_vertex" time="0.001" /><testcase classname="tests.test_oar_geometry.OARGeometryTests" name="test_empty_oar_is_rejected" time="0.001" /><testcase classname="tests.test_oar_geometry.OARGeometryTests" name="test_positive_distance_is_separation_and_not_a_diameter" time="0.004" /><testcase classname="tests.test_qt_gui.QtGuiTests" name="test_default_launcher_uses_qt_and_gui_has_no_tk_dependency" time="0.002" /><testcase classname="tests.test_qt_gui.QtGuiTests" name="test_dicom_candidates_use_dedicated_tables_outside_the_configuration_form" time="0.437" /><testcase classname="tests.test_qt_gui.QtGuiTests" name="test_eclipse_endpoint_button_maps_selected_reference_and_refreshes_table" time="0.201" /><testcase classname="tests.test_qt_gui.QtGuiTests" name="test_eclipse_reference_selected_before_import_survives_case_loading" time="0.181" /><testcase classname="tests.test_qt_gui.QtGuiTests" name="test_graph_overview_formats_edge_specific_ipvdr_labels" time="0.001" /><testcase classname="tests.test_qt_gui.QtGuiTests" name="test_gui_does_not_rebuild_scientific_supporting_outputs" time="0.002" /><testcase classname="tests.test_qt_gui.QtGuiTests" name="test_layer31_manual_tissue_assignment_has_explicit_default_provenance" time="0.162" /><testcase classname="tests.test_qt_gui.QtGuiTests" name="test_layer31_presets_are_locked_and_normal_kinetics_are_not_inferred" time="0.161" /><testcase classname="tests.test_qt_gui.QtGuiTests" name="test_layer31_regional_cards_and_contribution_bar_present_stored_values" time="0.027" /><testcase classname="tests.test_qt_gui.QtGuiTests" name="test_layer31_viewer_enforces_map_result_explanation_hierarchy" time="0.167" /><testcase classname="tests.test_qt_gui.QtGuiTests" name="test_layer32_profile_canvas_preserves_qpaintdevice_metric_and_paints" time="0.008" /><testcase classname="tests.test_qt_gui.QtGuiTests" name="test_oar_editor_adds_updates_and_removes_identity_bound_rows" time="0.616" /><testcase classname="tests.test_qt_gui.QtGuiTests" name="test_protocol_endpoint_editor_is_structured_and_deterministic" time="0.549" /><testcase classname="tests.test_qt_gui.QtGuiTests" name="test_qt_workstation_has_complete_workflow" time="0.792" /><testcase classname="tests.test_qt_gui.QtGuiTests" name="test_release_identity_is_the_163_unified_spatial_workstation" time="0.001" /><testcase classname="tests.test_qt_gui.QtGuiTests" name="test_result_pages_present_stored_records_without_mutation" time="0.409" /><testcase classname="tests.test_qt_gui.QtGuiTests" name="test_supporting_output_controls_have_explicit_disabled_state" time="0.278" /><testcase classname="tests.test_qt_gui.QtGuiTests" name="test_supporting_output_table_and_json_export_preserve_stored_payload" time="0.387" /><testcase classname="tests.test_qt_gui.QtGuiTests" name="test_treatment_component_editor_is_structured_and_calculates_display_dose_per_fraction" time="0.246" /><testcase classname="tests.test_qt_gui.QtGuiTests" name="test_workstation_states_are_normalised_consistently" time="0.002" /><testcase classname="tests.test_repository_release_contract.RepositoryReleaseContractTests" name="test_export_schema_and_research_provenance" time="0.017" /><testcase classname="tests.test_repository_release_contract.RepositoryReleaseContractTests" name="test_repository_governance_files_are_present" time="0.001" /><testcase classname="tests.test_repository_release_contract.RepositoryReleaseContractTests" name="test_shared_provenance_uses_release_commit_environment" time="0.001" /><testcase classname="tests.test_repository_release_contract.RepositoryReleaseContractTests" name="test_validation_criteria_are_frozen_and_match_runtime_reference" time="0.001" /><testcase classname="tests.test_roi_inventory.RoiInventoryTests" name="test_ambiguous_legacy_name_migration_is_rejected" time="0.003" /><testcase classname="tests.test_roi_inventory.RoiInventoryTests" name="test_inventory_separates_not_rasterised_from_failed" time="0.002" /><testcase classname="tests.test_roi_inventory.RoiInventoryTests" name="test_roi_identity_survives_display_name_change" time="0.001" /><testcase classname="tests.test_scientific_regression.ScientificRegressionTests" name="test_contour_stack_volume_is_gap_safe" time="0.001" /><testcase classname="tests.test_scientific_regression.ScientificRegressionTests" name="test_half_open_even_odd_polygon_fill" time="0.002" /><testcase classname="tests.test_scientific_regression.ScientificRegressionTests" name="test_layer21_locked_suite" time="0.001" /><testcase classname="tests.test_scientific_regression.ScientificRegressionTests" name="test_layer22_exact_ground_truth_suite" time="0.012" /><testcase classname="tests.test_scientific_regression.ScientificRegressionTests" name="test_missing_is_not_encoded_as_zero" time="0.000" /><testcase classname="tests.test_scientific_regression.ScientificRegressionTests" name="test_nearest_neighbour_retains_all_ties_without_duplicates" time="0.001" /><testcase classname="tests.test_source_integrity.SourceIntegrityTests" name="test_validated_source_snapshots_are_byte_identical" time="0.002" /><testcase classname="tests.test_spatial_biology_viewer" name="test_world_to_voxel_transform_and_roundtrip_have_no_axis_inversion" time="0.003" /><testcase classname="tests.test_spatial_biology_viewer" name="test_roi_label_nearest_sampling_is_categorical" time="0.001" /><testcase classname="tests.test_spatial_biology_viewer" name="test_surface_inward_sampling_avoids_cross_tissue_values" time="0.004" /><testcase classname="tests.test_spatial_biology_viewer" name="test_invalid_vertex_handling_uses_nan_not_zero" time="0.002" /><testcase classname="tests.test_spatial_biology_viewer" name="test_spatial_field_preserves_scalar_units_and_shared_range_policy" time="0.001" /><testcase classname="tests.test_spatial_biology_viewer" name="test_alignment_gate_reports_coverage_and_blocks_misregistered_mesh" time="0.003" /><testcase classname="tests.test_spatial_biology_viewer" name="test_synthetic_lattice_hotspots_remain_attached_to_lps_anatomy_and_cache" time="0.166" /><testcase classname="tests.test_treatment_context_validation.TreatmentContextValidationTests" name="test_all_treatment_approaches_timing_hash_and_immutability" time="0.001" /><testcase classname="tests.test_treatment_context_validation.TreatmentContextValidationTests" name="test_composite_ratio_is_valid_but_context_warned" time="0.001" /><testcase classname="tests.test_treatment_context_validation.TreatmentContextValidationTests" name="test_dose_uid_identity_conflict_blocks" time="0.001" /><testcase classname="tests.test_treatment_context_validation.TreatmentContextValidationTests" name="test_four_primary_semantic_scenarios_and_negative_matrix" time="0.002" /><testcase classname="tests.test_treatment_context_validation.TreatmentContextValidationTests" name="test_fractionation_is_component_specific_and_configuration_validates" time="0.001" /><testcase classname="tests.test_treatment_context_validation.TreatmentContextValidationTests" name="test_missing_component_prescription_and_fractionation_are_explicit" time="0.001" /><testcase classname="tests.test_treatment_context_validation.TreatmentContextValidationTests" name="test_report_artifacts" time="0.007" /><testcase classname="tests.test_treatment_context_validation.TreatmentContextValidationTests" name="test_sequential_missing_rxl_is_not_applicable" time="0.001" /><testcase classname="tests.test_volume_diagnostics.VolumeDiagnosticInfrastructureTests" name="test_aggregate_union_disagreement" time="0.001" /><testcase classname="tests.test_volume_diagnostics.VolumeDiagnosticInfrastructureTests" name="test_contour_slice_grouping" time="0.001" /><testcase classname="tests.test_volume_diagnostics.VolumeDiagnosticInfrastructureTests" name="test_diagnostic_classification_serialization" time="0.001" /><testcase classname="tests.test_volume_diagnostics.VolumeDiagnosticInfrastructureTests" name="test_dice_calculation" time="0.001" /><testcase classname="tests.test_volume_diagnostics.VolumeDiagnosticInfrastructureTests" name="test_exact_aggregate_union_agreement" time="0.001" /><testcase classname="tests.test_volume_diagnostics.VolumeDiagnosticInfrastructureTests" name="test_existing_failure_status_is_preserved_by_diagnostic_record" time="0.001" /><testcase classname="tests.test_volume_diagnostics.VolumeDiagnosticInfrastructureTests" name="test_no_individual_components_available" time="0.000" /><testcase classname="tests.test_volume_diagnostics.VolumeDiagnosticInfrastructureTests" name="test_overlap_and_containment" time="0.000" /><testcase classname="tests.test_volume_diagnostics.VolumeDiagnosticInfrastructureTests" name="test_overlapping_individual_components_count_overlap_once_in_union" time="0.001" /><testcase classname="tests.test_volume_diagnostics.VolumeDiagnosticInfrastructureTests" name="test_repeated_physical_slice_positions" time="0.000" /><testcase classname="tests.test_volume_diagnostics.VolumeDiagnosticInfrastructureTests" name="test_source_precision_extraction" time="0.003" /><testcase classname="tests.test_volume_diagnostics.VolumeDiagnosticInfrastructureTests" name="test_symmetric_difference_calculation" time="0.001" /><testcase classname="tests.test_volume_diagnostics.VolumeDiagnosticInfrastructureTests" name="test_three_volume_table_creation" time="0.000" /><testcase classname="tests.test_workflow.WorkflowTests" name="test_anisotropic_layer22_is_outside_validated_scope" time="0.009" /><testcase classname="tests.test_workflow.WorkflowTests" name="test_browser_workstation_assets_are_present" time="0.032" /><testcase classname="tests.test_workflow.WorkflowTests" name="test_changing_oar_geometry_invalidates_layer1_rasterisation_and_dependants" time="0.072" /><testcase classname="tests.test_workflow.WorkflowTests" name="test_changing_tps_dvh_reference_invalidates_layer1" time="0.007" /><testcase classname="tests.test_workflow.WorkflowTests" name="test_dependency_invalidation_is_selective" time="0.042" /><testcase classname="tests.test_workflow.WorkflowTests" name="test_explicit_rtstruct_vertex_provenance" time="0.052" /><testcase classname="tests.test_workflow.WorkflowTests" name="test_invalid_oar_classification_is_rejected" time="0.005" /><testcase classname="tests.test_workflow.WorkflowTests" name="test_invalid_protocol_native_endpoint_is_rejected_before_calculation" time="0.005" /><testcase classname="tests.test_workflow.WorkflowTests" name="test_layer21_and_layer22_use_one_layer1_handoff" time="0.036" /><testcase classname="tests.test_workflow.WorkflowTests" name="test_optional_oar_vertex_geometry_is_descriptive_and_exported" time="0.041" /><testcase classname="tests.test_workflow.WorkflowTests" name="test_optional_supporting_calculations_are_skipped_before_layer21" time="0.022" /><testcase classname="tests.test_workflow.WorkflowTests" name="test_prescription_change_invalidates_biological_coverage_suite" time="0.007" /><testcase classname="tests.test_workflow.WorkflowTests" name="test_result_serialization_and_csv_do_not_run_calculations" time="0.047" /><testcase classname="tests.test_workflow.WorkflowTests" name="test_supporting_outputs_explain_missing_vertex_context_and_protocol_endpoints" time="0.035" /></testsuite></testsuites>